[debug] [2020-07-02T18:34:11.770Z] ----------------------------------------------------------------------
[debug] [2020-07-02T18:34:11.772Z] Command:       C:\Program Files\nodejs\node.exe C:\Users\keybo\AppData\Roaming\npm\node_modules\firebase-tools\lib\bin\firebase.js init
[debug] [2020-07-02T18:34:11.772Z] CLI Version:   8.4.3
[debug] [2020-07-02T18:34:11.773Z] Platform:      win32
[debug] [2020-07-02T18:34:11.773Z] Node Version:  v12.16.1
[debug] [2020-07-02T18:34:11.774Z] Time:          Thu Jul 02 2020 14:34:11 GMT-0400 (GMT-04:00)
[debug] [2020-07-02T18:34:11.774Z] ----------------------------------------------------------------------
[debug] [2020-07-02T18:34:11.774Z] 
[debug] [2020-07-02T18:34:11.781Z] > command requires scopes: ["email","openid","https://www.googleapis.com/auth/cloudplatformprojects.readonly","https://www.googleapis.com/auth/firebase","https://www.googleapis.com/auth/cloud-platform"]
[debug] [2020-07-02T18:34:11.781Z] > authorizing via signed-in user
[info] 
     ######## #### ########  ######## ########     ###     ######  ########
     ##        ##  ##     ## ##       ##     ##  ##   ##  ##       ##
     ######    ##  ########  ######   ########  #########  ######  ######
     ##        ##  ##    ##  ##       ##     ## ##     ##       ## ##
     ##       #### ##     ## ######## ########  ##     ##  ######  ########

You're about to initialize a Firebase project in this directory:

  D:\Clases Front-End\PruebaFinal_Ensayo\Prueba_otto

Before we get started, keep in mind:

  * You are initializing in an existing Firebase project directory

